[debug] [2020-10-03T00:12:13.880Z] ----------------------------------------------------------------------
[debug] [2020-10-03T00:12:13.881Z] Command:       C:\Program Files\nodejs\node.exe C:\Users\hutda\AppData\Roaming\npm\node_modules\firebase-tools\lib\bin\firebase.js deploy --only hosting:landyhelpers.firebaseapp
[debug] [2020-10-03T00:12:13.882Z] CLI Version:   8.11.0
[debug] [2020-10-03T00:12:13.882Z] Platform:      win32
[debug] [2020-10-03T00:12:13.882Z] Node Version:  v10.15.3
[debug] [2020-10-03T00:12:13.883Z] Time:          Fri Oct 02 2020 20:12:13 GMT-0400 (Eastern Daylight Time)
[debug] [2020-10-03T00:12:13.883Z] ----------------------------------------------------------------------
[debug] [2020-10-03T00:12:13.883Z] 
[debug] [2020-10-03T00:12:13.891Z] > command requires scopes: ["email","openid","https://www.googleapis.com/auth/cloudplatformprojects.readonly","https://www.googleapis.com/auth/firebase","https://www.googleapis.com/auth/cloud-platform"]
[debug] [2020-10-03T00:12:13.892Z] > authorizing via signed-in user
[debug] [2020-10-03T00:12:13.892Z] [iam] checking project landyhelpers for permissions ["firebase.projects.get","firebasehosting.sites.update"]
[debug] [2020-10-03T00:12:13.894Z] >>> HTTP REQUEST POST https://cloudresourcemanager.googleapis.com/v1/projects/landyhelpers:testIamPermissions  
 {"permissions":["firebase.projects.get","firebasehosting.sites.update"]}
[debug] [2020-10-03T00:12:14.155Z] <<< HTTP RESPONSE 200 {"content-type":"application/json; charset=UTF-8","vary":"X-Origin, Referer, Origin,Accept-Encoding","date":"Sat, 03 Oct 2020 00:12:13 GMT","server":"ESF","cache-control":"private","x-xss-protection":"0","x-frame-options":"SAMEORIGIN","x-content-type-options":"nosniff","server-timing":"gfet4t7; dur=92","alt-svc":"h3-Q050=\":443\"; ma=2592000,h3-29=\":443\"; ma=2592000,h3-27=\":443\"; ma=2592000,h3-T051=\":443\"; ma=2592000,h3-T050=\":443\"; ma=2592000,h3-Q046=\":443\"; ma=2592000,h3-Q043=\":443\"; ma=2592000,quic=\":443\"; ma=2592000; v=\"46,43\"","accept-ranges":"none","transfer-encoding":"chunked"}
[debug] [2020-10-03T00:12:14.157Z] >>> HTTP REQUEST GET https://firebase.googleapis.com/v1beta1/projects/landyhelpers  
 
[debug] [2020-10-03T00:12:14.426Z] <<< HTTP RESPONSE 200 {"content-type":"application/json; charset=UTF-8","vary":"X-Origin, Referer, Origin,Accept-Encoding","date":"Sat, 03 Oct 2020 00:12:14 GMT","server":"ESF","cache-control":"private","x-xss-protection":"0","x-frame-options":"SAMEORIGIN","x-content-type-options":"nosniff","alt-svc":"h3-Q050=\":443\"; ma=2592000,h3-29=\":443\"; ma=2592000,h3-27=\":443\"; ma=2592000,h3-T051=\":443\"; ma=2592000,h3-T050=\":443\"; ma=2592000,h3-Q046=\":443\"; ma=2592000,h3-Q043=\":443\"; ma=2592000,quic=\":443\"; ma=2592000; v=\"46,43\"","accept-ranges":"none","transfer-encoding":"chunked"}
[info] 
[info] === Deploying to 'landyhelpers'...
[info] 
[info] i  deploying hosting 
[info] 
[info] +  Deploy complete! 
[info] 
[info] Project Console: https://console.firebase.google.com/project/landyhelpers/overview
[debug] [2020-10-03T00:12:14.458Z] TypeError: Cannot read property 'deploys' of undefined
    at C:\Users\hutda\AppData\Roaming\npm\node_modules\firebase-tools\lib\deploy\index.js:85:36
    at process._tickCallback (internal/process/next_tick.js:68:7)
[error] 
[error] Error: An unexpected error has occurred.
